CRITICAL - 2023-09-15 19:22:15 --> Undefined variable: validation
in APPPATH\Views\back\usuario\registro.php on line 14.
 1 APPPATH\Views\back\usuario\registro.php(14): CodeIgniter\Debug\Exceptions->errorHandler(8, 'Undefined variable: validation', 'C:\\xampp\\htdocs\\primer_proyecto\\app\\Views\\back\\usuario\\registro.php', 14, [...])
 2 SYSTEMPATH\View\View.php(224): include('C:\\xampp\\htdocs\\primer_proyecto\\app\\Views\\back\\usuario\\registro.php')
 3 SYSTEMPATH\View\View.php(227): CodeIgniter\View\View->CodeIgniter\View\{closure}()
 4 SYSTEMPATH\Common.php(1176): CodeIgniter\View\View->render('back/usuario/registro', [], true)
 5 APPPATH\Controllers\Home.php(39): view('back/usuario/registro')
 6 SYSTEMPATH\CodeIgniter.php(932): App\Controllers\Home->registro()
 7 SYSTEMPATH\CodeIgniter.php(497): CodeIgniter\CodeIgniter->runController(Object(App\Controllers\Home))
 8 SYSTEMPATH\CodeIgniter.php(366): CodeIgniter\CodeIgniter->handleRequest(null, Object(Config\Cache), false)
 9 FCPATH\index.php(67): CodeIgniter\CodeIgniter->run()
CRITICAL - 2023-09-15 19:23:43 --> Undefined variable: validation
in APPPATH\Views\back\usuario\registro.php on line 14.
 1 APPPATH\Views\back\usuario\registro.php(14): CodeIgniter\Debug\Exceptions->errorHandler(8, 'Undefined variable: validation', 'C:\\xampp\\htdocs\\primer_proyecto\\app\\Views\\back\\usuario\\registro.php', 14, [...])
 2 SYSTEMPATH\View\View.php(224): include('C:\\xampp\\htdocs\\primer_proyecto\\app\\Views\\back\\usuario\\registro.php')
 3 SYSTEMPATH\View\View.php(227): CodeIgniter\View\View->CodeIgniter\View\{closure}()
 4 SYSTEMPATH\Common.php(1176): CodeIgniter\View\View->render('back/usuario/registro', [], true)
 5 APPPATH\Controllers\Home.php(39): view('back/usuario/registro')
 6 SYSTEMPATH\CodeIgniter.php(932): App\Controllers\Home->registro()
 7 SYSTEMPATH\CodeIgniter.php(497): CodeIgniter\CodeIgniter->runController(Object(App\Controllers\Home))
 8 SYSTEMPATH\CodeIgniter.php(366): CodeIgniter\CodeIgniter->handleRequest(null, Object(Config\Cache), false)
 9 FCPATH\index.php(67): CodeIgniter\CodeIgniter->run()
